<?xml version="1.0" encoding="UTF-8"?>
<!-- Generated by org.testng.reporters.JUnitXMLReporter -->
<testsuite hostname="Naveens-MacBook-Air.local" ignored="0" tests="3" failures="0" timestamp="14 Mar 2017 18:42:33 GMT" time="5.923" errors="0">
  <testcase name="IntersectionWithHashImpTest" time="0.048" classname="IntersectionTest"/>
  <testcase name="IntersectionWithHashIteratorTest" time="0.04" classname="IntersectionTest"/>
  <testcase name="bruteForceIntersectionTest" time="5.779" classname="IntersectionTest"/>
</testsuite>
